<?xml version="1.0" encoding="UTF-8"?>
<testsuite xmlns:xsi="http://www.w3.org/2001/XMLSchema-instance" xsi:noNamespaceSchemaLocation="https://maven.apache.org/surefire/maven-surefire-plugin/xsd/surefire-test-report-3.0.xsd" version="3.0" name="BoardTest" time="0.188" tests="49" errors="0" skipped="0" failures="0">
  <properties>
[...]
</properties>
  <testcase name="testActionPerformedMultipleTimes" classname="BoardTest" time="0.068"/>
  <testcase name="testDrawBoardMethod" classname="BoardTest" time="0.001"/>
  <testcase name="testIsWallBoundaryConditions" classname="BoardTest" time="0.002">
    <system-err><![CDATA[Exception in thread "pool-2-thread-7" java.lang.IllegalArgumentException: No line matching interface Clip supporting format PCM_SIGNED unknown sample rate, 16 bit, stereo, 4 bytes/frame, big-endian is supported.
	at java.desktop/javax.sound.sampled.AudioSystem.getLine(AudioSystem.java:425)
	at java.desktop/javax.sound.sampled.AudioSystem.getClip(AudioSystem.java:461)
	at SoundManager.lambda$playSound$1(SoundManager.java:137)
	at java.base/java.util.concurrent.ThreadPoolExecutor.runWorker(ThreadPoolExecutor.java:1136)
	at java.base/java.util.concurrent.ThreadPoolExecutor$Worker.run(ThreadPoolExecutor.java:635)
	at java.base/java.lang.Thread.run(Thread.java:840)
]]></system-err>
  </testcase>
  <testcase name="testIsWallAtEmptyPosition" classname="BoardTest" time="0.001"/>
  <testcase name="testBoardHasKeyListeners" classname="BoardTest" time="0.001"/>
  <testcase name="testActionPerformed" classname="BoardTest" time="0.001"/>
  <testcase name="testIsWallNegativeCoordinates" classname="BoardTest" time="0.001"/>
  <testcase name="testIsWallAtWallPosition" classname="BoardTest" time="0.001"/>
  <testcase name="testIsWallOutOfBoundsBottom" classname="BoardTest" time="0.001">
    <system-err><![CDATA[Exception in thread "pool-2-thread-4" java.lang.IllegalArgumentException: No line matching interface Clip supporting format PCM_SIGNED unknown sample rate, 16 bit, stereo, 4 bytes/frame, big-endian is supported.
	at java.desktop/javax.sound.sampled.AudioSystem.getLine(AudioSystem.java:425)
	at java.desktop/javax.sound.sampled.AudioSystem.getClip(AudioSystem.java:461)
	at SoundManager.lambda$playSound$1(SoundManager.java:137)
	at java.base/java.util.concurrent.ThreadPoolExecutor.runWorker(ThreadPoolExecutor.java:1136)
	at java.base/java.util.concurrent.ThreadPoolExecutor$Worker.run(ThreadPoolExecutor.java:635)
	at java.base/java.lang.Thread.run(Thread.java:840)
]]></system-err>
  </testcase>
  <testcase name="testGetBoardWidth" classname="BoardTest" time="0.001"/>
  <testcase name="testBoardDimensions" classname="BoardTest" time="0.001"/>
  <testcase name="testBoardPropertiesConsistency" classname="BoardTest" time="0.001"/>
  <testcase name="testInitLevelsMethod" classname="BoardTest" time="0.003"/>
  <testcase name="testIsWallForPacmanBoundaryConditions" classname="BoardTest" time="0.001"/>
  <testcase name="testIsWallLargeCoordinates" classname="BoardTest" time="0.001"/>
  <testcase name="testIsWallForPacmanAtCenter" classname="BoardTest" time="0.001"/>
  <testcase name="testIsWallForPacmanAtWallPosition" classname="BoardTest" time="0.001"/>
  <testcase name="testBoardIsFocusable" classname="BoardTest" time="0.001"/>
  <testcase name="testBoardInitialization" classname="BoardTest" time="0.001"/>
  <testcase name="testLoadLevelMethod" classname="BoardTest" time="0.002"/>
  <testcase name="testIsWallAtCenter" classname="BoardTest" time="0.001"/>
  <testcase name="testBlockSizeConsistency" classname="BoardTest" time="0.001"/>
  <testcase name="testHandlePacmanCaughtMethod" classname="BoardTest" time="0.003"/>
  <testcase name="testConsistentWallChecking" classname="BoardTest" time="0.001">
    <system-err><![CDATA[Exception in thread "pool-2-thread-5" java.lang.IllegalArgumentException: No line matching interface Clip supporting format PCM_SIGNED unknown sample rate, 16 bit, stereo, 4 bytes/frame, big-endian is supported.
	at java.desktop/javax.sound.sampled.AudioSystem.getLine(AudioSystem.java:425)
	at java.desktop/javax.sound.sampled.AudioSystem.getClip(AudioSystem.java:461)
	at SoundManager.lambda$playSound$1(SoundManager.java:137)
	at java.base/java.util.concurrent.ThreadPoolExecutor.runWorker(ThreadPoolExecutor.java:1136)
	at java.base/java.util.concurrent.ThreadPoolExecutor$Worker.run(ThreadPoolExecutor.java:635)
	at java.base/java.lang.Thread.run(Thread.java:840)
]]></system-err>
  </testcase>
  <testcase name="testIsWallForPacmanAtGhostHouse" classname="BoardTest" time="0.003"/>
  <testcase name="testBoardBackgroundColor" classname="BoardTest" time="0.001">
    <system-err><![CDATA[Exception in thread "pool-2-thread-6" java.lang.IllegalArgumentException: No line matching interface Clip supporting format PCM_SIGNED unknown sample rate, 16 bit, stereo, 4 bytes/frame, big-endian is supported.
	at java.desktop/javax.sound.sampled.AudioSystem.getLine(AudioSystem.java:425)
	at java.desktop/javax.sound.sampled.AudioSystem.getClip(AudioSystem.java:461)
	at SoundManager.lambda$playSound$1(SoundManager.java:137)
	at java.base/java.util.concurrent.ThreadPoolExecutor.runWorker(ThreadPoolExecutor.java:1136)
	at java.base/java.util.concurrent.ThreadPoolExecutor$Worker.run(ThreadPoolExecutor.java:635)
	at java.base/java.lang.Thread.run(Thread.java:840)
Exception in thread "pool-2-thread-10" java.lang.IllegalArgumentException: No line matching interface Clip supporting format PCM_SIGNED unknown sample rate, 16 bit, stereo, 4 bytes/frame, big-endian is supported.
	at java.desktop/javax.sound.sampled.AudioSystem.getLine(AudioSystem.java:425)
	at java.desktop/javax.sound.sampled.AudioSystem.getClip(AudioSystem.java:461)
	at SoundManager.lambda$playSound$1(SoundManager.java:137)
	at java.base/java.util.concurrent.ThreadPoolExecutor.runWorker(ThreadPoolExecutor.java:1136)
	at java.base/java.util.concurrent.ThreadPoolExecutor$Worker.run(ThreadPoolExecutor.java:635)
	at java.base/java.lang.Thread.run(Thread.java:840)
]]></system-err>
  </testcase>
  <testcase name="testGetBoardHeight" classname="BoardTest" time="0.004">
    <system-err><![CDATA[Exception in thread "pool-2-thread-9" java.lang.IllegalArgumentException: No line matching interface Clip supporting format PCM_SIGNED unknown sample rate, 16 bit, stereo, 4 bytes/frame, big-endian is supported.
	at java.desktop/javax.sound.sampled.AudioSystem.getLine(AudioSystem.java:425)
	at java.desktop/javax.sound.sampled.AudioSystem.getClip(AudioSystem.java:461)
	at SoundManager.lambda$playSound$1(SoundManager.java:137)
	at java.base/java.util.concurrent.ThreadPoolExecutor.runWorker(ThreadPoolExecutor.java:1136)
	at java.base/java.util.concurrent.ThreadPoolExecutor$Worker.run(ThreadPoolExecutor.java:635)
	at java.base/java.lang.Thread.run(Thread.java:840)
Exception in thread "pool-2-thread-12" java.lang.IllegalArgumentException: No line matching interface Clip supporting format PCM_SIGNED unknown sample rate, 16 bit, stereo, 4 bytes/frame, big-endian is supported.
	at java.desktop/javax.sound.sampled.AudioSystem.getLine(AudioSystem.java:425)
	at java.desktop/javax.sound.sampled.AudioSystem.getClip(AudioSystem.java:461)
	at SoundManager.lambda$playSound$1(SoundManager.java:137)
	at java.base/java.util.concurrent.ThreadPoolExecutor.runWorker(ThreadPoolExecutor.java:1136)
	at java.base/java.util.concurrent.ThreadPoolExecutor$Worker.run(ThreadPoolExecutor.java:635)
	at java.base/java.lang.Thread.run(Thread.java:840)
Exception in thread "pool-2-thread-13" java.lang.IllegalArgumentException: No line matching interface Clip supporting format PCM_SIGNED unknown sample rate, 16 bit, stereo, 4 bytes/frame, big-endian is supported.
	at java.desktop/javax.sound.sampled.AudioSystem.getLine(AudioSystem.java:425)
	at java.desktop/javax.sound.sampled.AudioSystem.getClip(AudioSystem.java:461)
	at SoundManager.lambda$playSound$1(SoundManager.java:137)
	at java.base/java.util.concurrent.ThreadPoolExecutor.runWorker(ThreadPoolExecutor.java:1136)
	at java.base/java.util.concurrent.ThreadPoolExecutor$Worker.run(ThreadPoolExecutor.java:635)
	at java.base/java.lang.Thread.run(Thread.java:840)
Exception in thread "pool-2-thread-8" java.lang.IllegalArgumentException: No line matching interface Clip supporting format PCM_SIGNED unknown sample rate, 16 bit, stereo, 4 bytes/frame, big-endian is supported.
	at java.desktop/javax.sound.sampled.AudioSystem.getLine(AudioSystem.java:425)
	at java.desktop/javax.sound.sampled.AudioSystem.getClip(AudioSystem.java:461)
	at SoundManager.lambda$playSound$1(SoundManager.java:137)
	at java.base/java.util.concurrent.ThreadPoolExecutor.runWorker(ThreadPoolExecutor.java:1136)
	at java.base/java.util.concurrent.ThreadPoolExecutor$Worker.run(ThreadPoolExecutor.java:635)
	at java.base/java.lang.Thread.run(Thread.java:840)
Exception in thread "pool-2-thread-11" java.lang.IllegalArgumentException: No line matching interface Clip supporting format PCM_SIGNED unknown sample rate, 16 bit, stereo, 4 bytes/frame, big-endian is supported.
	at java.desktop/javax.sound.sampled.AudioSystem.getLine(AudioSystem.java:425)
	at java.desktop/javax.sound.sampled.AudioSystem.getClip(AudioSystem.java:461)
	at SoundManager.lambda$playSound$1(SoundManager.java:137)
	at java.base/java.util.concurrent.ThreadPoolExecutor.runWorker(ThreadPoolExecutor.java:1136)
	at java.base/java.util.concurrent.ThreadPoolExecutor$Worker.run(ThreadPoolExecutor.java:635)
	at java.base/java.lang.Thread.run(Thread.java:840)
]]></system-err>
  </testcase>
  <testcase name="testIsWallForPacmanRowByRow" classname="BoardTest" time="0.001"/>
  <testcase name="testCheckLevelCompletionWithReflection" classname="BoardTest" time="0.003">
    <system-err><![CDATA[Exception in thread "pool-2-thread-15" java.lang.IllegalArgumentException: No line matching interface Clip supporting format PCM_SIGNED unknown sample rate, 16 bit, stereo, 4 bytes/frame, big-endian is supported.
	at java.desktop/javax.sound.sampled.AudioSystem.getLine(AudioSystem.java:425)
	at java.desktop/javax.sound.sampled.AudioSystem.getClip(AudioSystem.java:461)
	at SoundManager.lambda$playSound$1(SoundManager.java:137)
	at java.base/java.util.concurrent.ThreadPoolExecutor.runWorker(ThreadPoolExecutor.java:1136)
	at java.base/java.util.concurrent.ThreadPoolExecutor$Worker.run(ThreadPoolExecutor.java:635)
	at java.base/java.lang.Thread.run(Thread.java:840)
Exception in thread "pool-2-thread-17" java.lang.IllegalArgumentException: No line matching interface Clip supporting format PCM_SIGNED unknown sample rate, 16 bit, stereo, 4 bytes/frame, big-endian is supported.
	at java.desktop/javax.sound.sampled.AudioSystem.getLine(AudioSystem.java:425)
	at java.desktop/javax.sound.sampled.AudioSystem.getClip(AudioSystem.java:461)
	at SoundManager.lambda$playSound$1(SoundManager.java:137)
	at java.base/java.util.concurrent.ThreadPoolExecutor.runWorker(ThreadPoolExecutor.java:1136)
	at java.base/java.util.concurrent.ThreadPoolExecutor$Worker.run(ThreadPoolExecutor.java:635)
	at java.base/java.lang.Thread.run(Thread.java:840)
Exception in thread "pool-2-thread-18" java.lang.IllegalArgumentException: No line matching interface Clip supporting format PCM_SIGNED unknown sample rate, 16 bit, stereo, 4 bytes/frame, big-endian is supported.
	at java.desktop/javax.sound.sampled.AudioSystem.getLine(AudioSystem.java:425)
	at java.desktop/javax.sound.sampled.AudioSystem.getClip(AudioSystem.java:461)
	at SoundManager.lambda$playSound$1(SoundManager.java:137)
	at java.base/java.util.concurrent.ThreadPoolExecutor.runWorker(ThreadPoolExecutor.java:1136)
	at java.base/java.util.concurrent.ThreadPoolExecutor$Worker.run(ThreadPoolExecutor.java:635)
	at java.base/java.lang.Thread.run(Thread.java:840)
]]></system-err>
  </testcase>
  <testcase name="testIsWallRowByRow" classname="BoardTest" time="0.001">
    <system-err><![CDATA[Exception in thread "pool-2-thread-14" java.lang.IllegalArgumentException: No line matching interface Clip supporting format PCM_SIGNED unknown sample rate, 16 bit, stereo, 4 bytes/frame, big-endian is supported.
	at java.desktop/javax.sound.sampled.AudioSystem.getLine(AudioSystem.java:425)
	at java.desktop/javax.sound.sampled.AudioSystem.getClip(AudioSystem.java:461)
	at SoundManager.lambda$playSound$1(SoundManager.java:137)
	at java.base/java.util.concurrent.ThreadPoolExecutor.runWorker(ThreadPoolExecutor.java:1136)
	at java.base/java.util.concurrent.ThreadPoolExecutor$Worker.run(ThreadPoolExecutor.java:635)
Exception in thread "pool-2-thread-16" Exception in thread "pool-2-thread-19" 	at java.base/java.lang.Thread.run(Thread.java:840)
]]></system-err>
  </testcase>
  <testcase name="testIsWallOutOfBoundsTop" classname="BoardTest" time="0.002">
    <system-err><![CDATA[Exception in thread "pool-2-thread-22" java.lang.IllegalArgumentException: No line matching interface Clip supporting format PCM_SIGNED unknown sample rate, 16 bit, stereo, 4 bytes/frame, big-endian is supported.
	at java.desktop/javax.sound.sampled.AudioSystem.getLine(AudioSystem.java:425)
	at java.desktop/javax.sound.sampled.AudioSystem.getClip(AudioSystem.java:461)
	at SoundManager.lambda$playSound$1(SoundManager.java:137)
	at java.base/java.util.concurrent.ThreadPoolExecutor.runWorker(ThreadPoolExecutor.java:1136)
	at java.base/java.util.concurrent.ThreadPoolExecutor$Worker.run(ThreadPoolExecutor.java:635)
	at java.base/java.lang.Thread.run(Thread.java:840)
java.lang.IllegalArgumentException: No line matching interface Clip supporting format PCM_SIGNED unknown sample rate, 16 bit, stereo, 4 bytes/frame, big-endian is supported.
	at java.desktop/javax.sound.sampled.AudioSystem.getLine(AudioSystem.java:425)
	at java.desktop/javax.sound.sampled.AudioSystem.getClip(AudioSystem.java:461)
	at SoundManager.lambda$playSound$1(SoundManager.java:137)
	at java.base/java.util.concurrent.ThreadPoolExecutor.runWorker(ThreadPoolExecutor.java:1136)
	at java.base/java.util.concurrent.ThreadPoolExecutor$Worker.run(ThreadPoolExecutor.java:635)
	at java.base/java.lang.Thread.run(Thread.java:840)
java.lang.IllegalArgumentException: No line matching interface Clip supporting format PCM_SIGNED unknown sample rate, 16 bit, stereo, 4 bytes/frame, big-endian is supported.
	at java.desktop/javax.sound.sampled.AudioSystem.getLine(AudioSystem.java:425)
	at java.desktop/javax.sound.sampled.AudioSystem.getClip(AudioSystem.java:461)
	at SoundManager.lambda$playSound$1(SoundManager.java:137)
	at java.base/java.util.concurrent.ThreadPoolExecutor.runWorker(ThreadPoolExecutor.java:1136)
	at java.base/java.util.concurrent.ThreadPoolExecutor$Worker.run(ThreadPoolExecutor.java:635)
	at java.base/java.lang.Thread.run(Thread.java:840)
]]></system-err>
  </testcase>
  <testcase name="testMultipleActionPerformed" classname="BoardTest" time="0.004">
    <system-err><![CDATA[Exception in thread "pool-2-thread-21" java.lang.IllegalArgumentException: No line matching interface Clip supporting format PCM_SIGNED unknown sample rate, 16 bit, stereo, 4 bytes/frame, big-endian is supported.
	at java.desktop/javax.sound.sampled.AudioSystem.getLine(AudioSystem.java:425)
	at java.desktop/javax.sound.sampled.AudioSystem.getClip(AudioSystem.java:461)
	at SoundManager.lambda$playSound$1(SoundManager.java:137)
	at java.base/java.util.concurrent.ThreadPoolExecutor.runWorker(ThreadPoolExecutor.java:1136)
	at java.base/java.util.concurrent.ThreadPoolExecutor$Worker.run(ThreadPoolExecutor.java:635)
	at java.base/java.lang.Thread.run(Thread.java:840)
Exception in thread "pool-2-thread-23" java.lang.IllegalArgumentException: No line matching interface Clip supporting format PCM_SIGNED unknown sample rate, 16 bit, stereo, 4 bytes/frame, big-endian is supported.
	at java.desktop/javax.sound.sampled.AudioSystem.getLine(AudioSystem.java:425)
	at java.desktop/javax.sound.sampled.AudioSystem.getClip(AudioSystem.java:461)
	at SoundManager.lambda$playSound$1(SoundManager.java:137)
	at java.base/java.util.concurrent.ThreadPoolExecutor.runWorker(ThreadPoolExecutor.java:1136)
	at java.base/java.util.concurrent.ThreadPoolExecutor$Worker.run(ThreadPoolExecutor.java:635)
	at java.base/java.lang.Thread.run(Thread.java:840)
Exception in thread "pool-2-thread-25" java.lang.IllegalArgumentException: No line matching interface Clip supporting format PCM_SIGNED unknown sample rate, 16 bit, stereo, 4 bytes/frame, big-endian is supported.
	at java.desktop/javax.sound.sampled.AudioSystem.getLine(AudioSystem.java:425)
	at java.desktop/javax.sound.sampled.AudioSystem.getClip(AudioSystem.java:461)
	at SoundManager.lambda$playSound$1(SoundManager.java:137)
	at java.base/java.util.concurrent.ThreadPoolExecutor.runWorker(ThreadPoolExecutor.java:1136)
	at java.base/java.util.concurrent.ThreadPoolExecutor$Worker.run(ThreadPoolExecutor.java:635)
	at java.base/java.lang.Thread.run(Thread.java:840)
]]></system-err>
  </testcase>
  <testcase name="testMultipleLevelsConfiguration" classname="BoardTest" time="0.001"/>
  <testcase name="testCheckCollisionsMethod" classname="BoardTest" time="0.003">
    <system-err><![CDATA[Exception in thread "pool-2-thread-28" java.lang.IllegalArgumentException: No line matching interface Clip supporting format PCM_SIGNED unknown sample rate, 16 bit, stereo, 4 bytes/frame, big-endian is supported.
	at java.desktop/javax.sound.sampled.AudioSystem.getLine(AudioSystem.java:425)
	at java.desktop/javax.sound.sampled.AudioSystem.getClip(AudioSystem.java:461)
	at SoundManager.lambda$playSound$1(SoundManager.java:137)
	at java.base/java.util.concurrent.ThreadPoolExecutor.runWorker(ThreadPoolExecutor.java:1136)
	at java.base/java.util.concurrent.ThreadPoolExecutor$Worker.run(ThreadPoolExecutor.java:635)
	at java.base/java.lang.Thread.run(Thread.java:840)
]]></system-err>
  </testcase>
  <testcase name="testConsistentWallCheckingForPacman" classname="BoardTest" time="0.001">
    <system-err><![CDATA[Exception in thread "pool-2-thread-31" java.lang.IllegalArgumentException: No line matching interface Clip supporting format PCM_SIGNED unknown sample rate, 16 bit, stereo, 4 bytes/frame, big-endian is supported.
	at java.desktop/javax.sound.sampled.AudioSystem.getLine(AudioSystem.java:425)
	at java.desktop/javax.sound.sampled.AudioSystem.getClip(AudioSystem.java:461)
	at SoundManager.lambda$playSound$1(SoundManager.java:137)
	at java.base/java.util.concurrent.ThreadPoolExecutor.runWorker(ThreadPoolExecutor.java:1136)
	at java.base/java.util.concurrent.ThreadPoolExecutor$Worker.run(ThreadPoolExecutor.java:635)
	at java.base/java.lang.Thread.run(Thread.java:840)
]]></system-err>
  </testcase>
  <testcase name="testBoardHasTimer" classname="BoardTest" time="0.002">
    <system-err><![CDATA[Exception in thread "pool-2-thread-24" java.lang.IllegalArgumentException: No line matching interface Clip supporting format PCM_SIGNED unknown sample rate, 16 bit, stereo, 4 bytes/frame, big-endian is supported.
	at java.desktop/javax.sound.sampled.AudioSystem.getLine(AudioSystem.java:425)
	at java.desktop/javax.sound.sampled.AudioSystem.getClip(AudioSystem.java:461)
	at SoundManager.lambda$playSound$1(SoundManager.java:137)
	at java.base/java.util.concurrent.ThreadPoolExecutor.runWorker(ThreadPoolExecutor.java:1136)
	at java.base/java.util.concurrent.ThreadPoolExecutor$Worker.run(ThreadPoolExecutor.java:635)
	at java.base/java.lang.Thread.run(Thread.java:840)
]]></system-err>
  </testcase>
  <testcase name="testDrawStatusPanelMethod" classname="BoardTest" time="0.002">
    <system-err><![CDATA[Exception in thread "pool-2-thread-26" java.lang.IllegalArgumentException: No line matching interface Clip supporting format PCM_SIGNED unknown sample rate, 16 bit, stereo, 4 bytes/frame, big-endian is supported.
	at java.desktop/javax.sound.sampled.AudioSystem.getLine(AudioSystem.java:425)
	at java.desktop/javax.sound.sampled.AudioSystem.getClip(AudioSystem.java:461)
	at SoundManager.lambda$playSound$1(SoundManager.java:137)
	at java.base/java.util.concurrent.ThreadPoolExecutor.runWorker(ThreadPoolExecutor.java:1136)
	at java.base/java.util.concurrent.ThreadPoolExecutor$Worker.run(ThreadPoolExecutor.java:635)
	at java.base/java.lang.Thread.run(Thread.java:840)
Exception in thread "pool-2-thread-20" java.lang.IllegalArgumentException: No line matching interface Clip supporting format PCM_SIGNED unknown sample rate, 16 bit, stereo, 4 bytes/frame, big-endian is supported.
	at java.desktop/javax.sound.sampled.AudioSystem.getLine(AudioSystem.java:425)
	at java.desktop/javax.sound.sampled.AudioSystem.getClip(AudioSystem.java:461)
	at SoundManager.lambda$playSound$1(SoundManager.java:137)
	at java.base/java.util.concurrent.ThreadPoolExecutor.runWorker(ThreadPoolExecutor.java:1136)
	at java.base/java.util.concurrent.ThreadPoolExecutor$Worker.run(ThreadPoolExecutor.java:635)
	at java.base/java.lang.Thread.run(Thread.java:840)
]]></system-err>
  </testcase>
  <testcase name="testIsWallColumnByColumn" classname="BoardTest" time="0.001"/>
  <testcase name="testActionPerformedWhenGameWon" classname="BoardTest" time="0.003">
    <system-err><![CDATA[Exception in thread "pool-2-thread-27" java.lang.IllegalArgumentException: No line matching interface Clip supporting format PCM_SIGNED unknown sample rate, 16 bit, stereo, 4 bytes/frame, big-endian is supported.
	at java.desktop/javax.sound.sampled.AudioSystem.getLine(AudioSystem.java:425)
	at java.desktop/javax.sound.sampled.AudioSystem.getClip(AudioSystem.java:461)
	at SoundManager.lambda$playSound$1(SoundManager.java:137)
	at java.base/java.util.concurrent.ThreadPoolExecutor.runWorker(ThreadPoolExecutor.java:1136)
	at java.base/java.util.concurrent.ThreadPoolExecutor$Worker.run(ThreadPoolExecutor.java:635)
	at java.base/java.lang.Thread.run(Thread.java:840)
Exception in thread "pool-2-thread-30" java.lang.IllegalArgumentException: No line matching interface Clip supporting format PCM_SIGNED unknown sample rate, 16 bit, stereo, 4 bytes/frame, big-endian is supported.
	at java.desktop/javax.sound.sampled.AudioSystem.getLine(AudioSystem.java:425)
	at java.desktop/javax.sound.sampled.AudioSystem.getClip(AudioSystem.java:461)
	at SoundManager.lambda$playSound$1(SoundManager.java:137)
	at java.base/java.util.concurrent.ThreadPoolExecutor.runWorker(ThreadPoolExecutor.java:1136)
	at java.base/java.util.concurrent.ThreadPoolExecutor$Worker.run(ThreadPoolExecutor.java:635)
	at java.base/java.lang.Thread.run(Thread.java:840)
]]></system-err>
  </testcase>
  <testcase name="testIsWallAtDifferentPositions" classname="BoardTest" time="0.003">
    <system-err><![CDATA[Exception in thread "pool-2-thread-34" java.lang.IllegalArgumentException: No line matching interface Clip supporting format PCM_SIGNED unknown sample rate, 16 bit, stereo, 4 bytes/frame, big-endian is supported.
	at java.desktop/javax.sound.sampled.AudioSystem.getLine(AudioSystem.java:425)
	at java.desktop/javax.sound.sampled.AudioSystem.getClip(AudioSystem.java:461)
	at SoundManager.lambda$playSound$1(SoundManager.java:137)
	at java.base/java.util.concurrent.ThreadPoolExecutor.runWorker(ThreadPoolExecutor.java:1136)
	at java.base/java.util.concurrent.ThreadPoolExecutor$Worker.run(ThreadPoolExecutor.java:635)
	at java.base/java.lang.Thread.run(Thread.java:840)
Exception in thread "pool-2-thread-32" java.lang.IllegalArgumentException: No line matching interface Clip supporting format PCM_SIGNED unknown sample rate, 16 bit, stereo, 4 bytes/frame, big-endian is supported.
	at java.desktop/javax.sound.sampled.AudioSystem.getLine(AudioSystem.java:425)
	at java.desktop/javax.sound.sampled.AudioSystem.getClip(AudioSystem.java:461)
	at SoundManager.lambda$playSound$1(SoundManager.java:137)
	at java.base/java.util.concurrent.ThreadPoolExecutor.runWorker(ThreadPoolExecutor.java:1136)
	at java.base/java.util.concurrent.ThreadPoolExecutor$Worker.run(ThreadPoolExecutor.java:635)
	at java.base/java.lang.Thread.run(Thread.java:840)
Exception in thread "pool-2-thread-35" ]]></system-err>
  </testcase>
  <testcase name="testPaintComponentDoesNotThrow" classname="BoardTest" time="0.0"/>
  <testcase name="testIsWallOutOfBoundsRightTunnel" classname="BoardTest" time="0.002">
    <system-err><![CDATA[java.lang.IllegalArgumentException: No line matching interface Clip supporting format PCM_SIGNED unknown sample rate, 16 bit, stereo, 4 bytes/frame, big-endian is supported.
	at java.desktop/javax.sound.sampled.AudioSystem.getLine(AudioSystem.java:425)
	at java.desktop/javax.sound.sampled.AudioSystem.getClip(AudioSystem.java:461)
	at SoundManager.lambda$playSound$1(SoundManager.java:137)
	at java.base/java.util.concurrent.ThreadPoolExecutor.runWorker(ThreadPoolExecutor.java:1136)
	at java.base/java.util.concurrent.ThreadPoolExecutor$Worker.run(ThreadPoolExecutor.java:635)
	at java.base/java.lang.Thread.run(Thread.java:840)
]]></system-err>
  </testcase>
  <testcase name="testIsWallForPacmanLargeCoordinates" classname="BoardTest" time="0.001">
    <system-err><![CDATA[Exception in thread "pool-2-thread-29" ]]></system-err>
  </testcase>
  <testcase name="testGetBlockSize" classname="BoardTest" time="0.001">
    <system-err><![CDATA[java.lang.IllegalArgumentException: No line matching interface Clip supporting format PCM_SIGNED unknown sample rate, 16 bit, stereo, 4 bytes/frame, big-endian is supported.
	at java.desktop/javax.sound.sampled.AudioSystem.getLine(AudioSystem.java:425)
	at java.desktop/javax.sound.sampled.AudioSystem.getClip(AudioSystem.java:461)
	at SoundManager.lambda$playSound$1(SoundManager.java:137)
	at java.base/java.util.concurrent.ThreadPoolExecutor.runWorker(ThreadPoolExecutor.java:1136)
	at java.base/java.util.concurrent.ThreadPoolExecutor$Worker.run(ThreadPoolExecutor.java:635)
	at java.base/java.lang.Thread.run(Thread.java:840)
]]></system-err>
  </testcase>
  <testcase name="testIsWallForPacmanNegativeCoordinates" classname="BoardTest" time="0.001"/>
  <testcase name="testIsWallForPacmanAtDifferentPositions" classname="BoardTest" time="0.001">
    <system-err><![CDATA[Exception in thread "pool-2-thread-36" java.lang.IllegalArgumentException: No line matching interface Clip supporting format PCM_SIGNED unknown sample rate, 16 bit, stereo, 4 bytes/frame, big-endian is supported.
	at java.desktop/javax.sound.sampled.AudioSystem.getLine(AudioSystem.java:425)
	at java.desktop/javax.sound.sampled.AudioSystem.getClip(AudioSystem.java:461)
	at SoundManager.lambda$playSound$1(SoundManager.java:137)
	at java.base/java.util.concurrent.ThreadPoolExecutor.runWorker(ThreadPoolExecutor.java:1136)
	at java.base/java.util.concurrent.ThreadPoolExecutor$Worker.run(ThreadPoolExecutor.java:635)
	at java.base/java.lang.Thread.run(Thread.java:840)
]]></system-err>
  </testcase>
  <testcase name="testIsWallForPacmanColumnByColumn" classname="BoardTest" time="0.001"/>
  <testcase name="testPacmanKeyAdapterClass" classname="BoardTest" time="0.0"/>
  <testcase name="testIsWallOutOfBoundsLeftTunnel" classname="BoardTest" time="0.001"/>
</testsuite>