<?xml version="1.0" encoding="UTF-8"?>
<testsuite xmlns:xsi="http://www.w3.org/2001/XMLSchema-instance" xsi:noNamespaceSchemaLocation="https://maven.apache.org/surefire/maven-surefire-plugin/xsd/surefire-test-report-3.0.xsd" version="3.0" name="SoundManagerTest" time="0.071" tests="11" errors="0" skipped="0" failures="0">
  <properties>
[...]
</properties>
  <testcase name="testSetSoundEnabled" classname="SoundManagerTest" time="0.004"/>
  <testcase name="testPlaySoundWithNullName" classname="SoundManagerTest" time="0.001"/>
  <testcase name="testPlayMultipleSoundsSequentially" classname="SoundManagerTest" time="0.004"/>
  <testcase name="testPlaySoundWhenDisabled" classname="SoundManagerTest" time="0.001"/>
  <testcase name="testPlayAllSoundTypes" classname="SoundManagerTest" time="0.044">
    <system-err><![CDATA[Exception in thread "pool-2-thread-2" java.lang.IllegalArgumentException: No line matching interface Clip supporting format PCM_SIGNED unknown sample rate, 16 bit, stereo, 4 bytes/frame, big-endian is supported.
	at java.desktop/javax.sound.sampled.AudioSystem.getLine(AudioSystem.java:425)
	at java.desktop/javax.sound.sampled.AudioSystem.getClip(AudioSystem.java:461)
	at SoundManager.lambda$playSound$1(SoundManager.java:137)
	at java.base/java.util.concurrent.ThreadPoolExecutor.runWorker(ThreadPoolExecutor.java:1136)
	at java.base/java.util.concurrent.ThreadPoolExecutor$Worker.run(ThreadPoolExecutor.java:635)
	at java.base/java.lang.Thread.run(Thread.java:840)
Exception in thread "pool-2-thread-1" java.lang.IllegalArgumentException: No line matching interface Clip supporting format PCM_SIGNED unknown sample rate, 16 bit, stereo, 4 bytes/frame, big-endian is supported.
	at java.desktop/javax.sound.sampled.AudioSystem.getLine(AudioSystem.java:425)
	at java.desktop/javax.sound.sampled.AudioSystem.getClip(AudioSystem.java:461)
	at SoundManager.lambda$playSound$1(SoundManager.java:137)
	at java.base/java.util.concurrent.ThreadPoolExecutor.runWorker(ThreadPoolExecutor.java:1136)
	at java.base/java.util.concurrent.ThreadPoolExecutor$Worker.run(ThreadPoolExecutor.java:635)
	at java.base/java.lang.Thread.run(Thread.java:840)
Exception in thread "pool-2-thread-3" java.lang.IllegalArgumentException: No line matching interface Clip supporting format PCM_SIGNED unknown sample rate, 16 bit, stereo, 4 bytes/frame, big-endian is supported.
	at java.desktop/javax.sound.sampled.AudioSystem.getLine(AudioSystem.java:425)
	at java.desktop/javax.sound.sampled.AudioSystem.getClip(AudioSystem.java:461)
	at SoundManager.lambda$playSound$1(SoundManager.java:137)
	at java.base/java.util.concurrent.ThreadPoolExecutor.runWorker(ThreadPoolExecutor.java:1136)
	at java.base/java.util.concurrent.ThreadPoolExecutor$Worker.run(ThreadPoolExecutor.java:635)
	at java.base/java.lang.Thread.run(Thread.java:840)
]]></system-err>
  </testcase>
  <testcase name="testSingletonPattern" classname="SoundManagerTest" time="0.001"/>
  <testcase name="testSoundEnabledByDefault" classname="SoundManagerTest" time="0.001"/>
  <testcase name="testPlaySoundDoesNotThrowException" classname="SoundManagerTest" time="0.002"/>
  <testcase name="testPlaySoundWithInvalidNameDoesNotThrowException" classname="SoundManagerTest" time="0.001"/>
  <testcase name="testToggleSoundEnabledMultipleTimes" classname="SoundManagerTest" time="0.001"/>
  <testcase name="testGetInstanceReturnsSameInstance" classname="SoundManagerTest" time="0.002"/>
</testsuite>